  raster.cpp
C:\Projects\Optimisation\Rasterizer\mesh.h(197,25): warning C4244: 'initializing': conversion from 'double' to 'float', possible loss of data
  (compiling source file 'raster.cpp')
  
C:\Projects\Optimisation\Rasterizer\mesh.h(202,27): warning C4244: 'initializing': conversion from 'double' to 'float', possible loss of data
  (compiling source file 'raster.cpp')
  
C:\Projects\Optimisation\Rasterizer\raster.cpp(166,69): warning C4305: 'argument': truncation from 'double' to 'float'
C:\Projects\Optimisation\Rasterizer\raster.cpp(167,69): warning C4305: 'argument': truncation from 'double' to 'float'
C:\Projects\Optimisation\Rasterizer\raster.cpp(168,69): warning C4305: 'argument': truncation from 'double' to 'float'
C:\Projects\Optimisation\Rasterizer\raster.cpp(246,90): warning C4244: '+=': conversion from '_Rep' to 'float', possible loss of data
C:\Projects\Optimisation\Rasterizer\raster.cpp(246,90): warning C4244:         with
C:\Projects\Optimisation\Rasterizer\raster.cpp(246,90): warning C4244:         [
C:\Projects\Optimisation\Rasterizer\raster.cpp(246,90): warning C4244:             _Rep=__std_tzdb_epoch_milli
C:\Projects\Optimisation\Rasterizer\raster.cpp(246,90): warning C4244:         ]
C:\Projects\Optimisation\Rasterizer\raster.cpp(337,90): warning C4244: '+=': conversion from '_Rep' to 'float', possible loss of data
C:\Projects\Optimisation\Rasterizer\raster.cpp(337,90): warning C4244:         with
C:\Projects\Optimisation\Rasterizer\raster.cpp(337,90): warning C4244:         [
C:\Projects\Optimisation\Rasterizer\raster.cpp(337,90): warning C4244:             _Rep=__std_tzdb_epoch_milli
C:\Projects\Optimisation\Rasterizer\raster.cpp(337,90): warning C4244:         ]
C:\Projects\Optimisation\Rasterizer\raster.cpp(478,90): warning C4244: '+=': conversion from '_Rep' to 'float', possible loss of data
C:\Projects\Optimisation\Rasterizer\raster.cpp(478,90): warning C4244:         with
C:\Projects\Optimisation\Rasterizer\raster.cpp(478,90): warning C4244:         [
C:\Projects\Optimisation\Rasterizer\raster.cpp(478,90): warning C4244:             _Rep=__std_tzdb_epoch_milli
C:\Projects\Optimisation\Rasterizer\raster.cpp(478,90): warning C4244:         ]
  Generating code
  45 of 769 functions ( 5.9%) were compiled, the rest were copied from previous compilation.
    40 functions were new in current compilation
    12 functions had inline decision re-evaluated but remain unchanged
  Finished generating code
  Rasterizer.vcxproj -> C:\Projects\Optimisation\x64\Release\Rasterizer.exe
