c:\users\u5696524\onedrive - university of warwick\desktop\course\ge\rasterizer - 2026\rasterizer\x64\release\vc143.pdb
c:\users\u5696524\onedrive - university of warwick\desktop\course\ge\rasterizer - 2026\rasterizer\x64\release\raster.obj
c:\users\u5696524\onedrive - university of warwick\desktop\course\ge\rasterizer - 2026\rasterizer\x64\release\rasterizer.ipdb
c:\users\u5696524\onedrive - university of warwick\desktop\course\ge\rasterizer - 2026\rasterizer\x64\release\rasterizer.iobj
c:\users\u5696524\onedrive - university of warwick\desktop\course\ge\rasterizer - 2026\x64\release\rasterizer.pdb
c:\users\u5696524\onedrive - university of warwick\desktop\course\ge\rasterizer - 2026\rasterizer\x64\release\rasterizer.tlog\cl.command.1.tlog
c:\users\u5696524\onedrive - university of warwick\desktop\course\ge\rasterizer - 2026\rasterizer\x64\release\rasterizer.tlog\cl.items.tlog
c:\users\u5696524\onedrive - university of warwick\desktop\course\ge\rasterizer - 2026\rasterizer\x64\release\rasterizer.tlog\cl.read.1.tlog
c:\users\u5696524\onedrive - university of warwick\desktop\course\ge\rasterizer - 2026\rasterizer\x64\release\rasterizer.tlog\cl.write.1.tlog
c:\users\u5696524\onedrive - university of warwick\desktop\course\ge\rasterizer - 2026\rasterizer\x64\release\rasterizer.tlog\link-cvtres.read.1.tlog
c:\users\u5696524\onedrive - university of warwick\desktop\course\ge\rasterizer - 2026\rasterizer\x64\release\rasterizer.tlog\link-cvtres.write.1.tlog
c:\users\u5696524\onedrive - university of warwick\desktop\course\ge\rasterizer - 2026\rasterizer\x64\release\rasterizer.tlog\link-rc.read.1.tlog
c:\users\u5696524\onedrive - university of warwick\desktop\course\ge\rasterizer - 2026\rasterizer\x64\release\rasterizer.tlog\link-rc.write.1.tlog
c:\users\u5696524\onedrive - university of warwick\desktop\course\ge\rasterizer - 2026\rasterizer\x64\release\rasterizer.tlog\link.command.1.tlog
c:\users\u5696524\onedrive - university of warwick\desktop\course\ge\rasterizer - 2026\rasterizer\x64\release\rasterizer.tlog\link.read.1.tlog
c:\users\u5696524\onedrive - university of warwick\desktop\course\ge\rasterizer - 2026\rasterizer\x64\release\rasterizer.tlog\link.read.68.tlog
c:\users\u5696524\onedrive - university of warwick\desktop\course\ge\rasterizer - 2026\rasterizer\x64\release\rasterizer.tlog\link.read.69.tlog
c:\users\u5696524\onedrive - university of warwick\desktop\course\ge\rasterizer - 2026\rasterizer\x64\release\rasterizer.tlog\link.read.70.tlog
c:\users\u5696524\onedrive - university of warwick\desktop\course\ge\rasterizer - 2026\rasterizer\x64\release\rasterizer.tlog\link.secondary.1.tlog
c:\users\u5696524\onedrive - university of warwick\desktop\course\ge\rasterizer - 2026\rasterizer\x64\release\rasterizer.tlog\link.write.1.tlog
